<?xml version="1.0" encoding="UTF-8"?>
<!-- Generated by org.testng.reporters.JUnitXMLReporter -->
<testsuite ignored="0" hostname="DESKTOP-2QJGHUA" failures="0" tests="3" name="Test" time="0.318" errors="0" timestamp="03 Sep 2022 16:05:07 GMT">
  <testcase classname="com.Maven1.qa.Testcases.LoginTest" name="@BeforeClass setup" time="0.048">
    <failure type="java.lang.NullPointerException" message="Cannot invoke &amp;quot;org.openqa.selenium.WebDriver.get(String)&amp;quot; because &amp;quot;com.Maven1.qa.Base.TestBase.driver&amp;quot; is null">
      <![CDATA[java.lang.NullPointerException: Cannot invoke "org.openqa.selenium.WebDriver.get(String)" because "com.Maven1.qa.Base.TestBase.driver" is null
	at com.Maven1.qa.Base.TestBase.intializeBrowser(TestBase.java:30)
	at com.Maven1.qa.Testcases.LoginTest.setup(LoginTest.java:21)
... Removed 23 stack frames]]>
    </failure>
  </testcase> <!-- @BeforeClass setup -->
  <testcase classname="com.Maven1.qa.Testcases.LoginTest" name="@AfterClass close" time="0.0">
    <skipped/>
  </testcase> <!-- @AfterClass close -->
  <testcase classname="com.Maven1.qa.Testcases.HomepageTest" name="@BeforeClass Setup" time="0.001">
    <failure type="java.lang.NullPointerException" message="Cannot invoke &amp;quot;org.openqa.selenium.WebDriver.get(String)&amp;quot; because &amp;quot;com.Maven1.qa.Base.TestBase.driver&amp;quot; is null">
      <![CDATA[java.lang.NullPointerException: Cannot invoke "org.openqa.selenium.WebDriver.get(String)" because "com.Maven1.qa.Base.TestBase.driver" is null
	at com.Maven1.qa.Base.TestBase.intializeBrowser(TestBase.java:30)
	at com.Maven1.qa.Testcases.HomepageTest.Setup(HomepageTest.java:22)
... Removed 23 stack frames]]>
    </failure>
  </testcase> <!-- @BeforeClass Setup -->
  <testcase classname="com.Maven1.qa.Testcases.HomepageTest" name="@AfterClass teardown" time="0.0">
    <skipped/>
  </testcase> <!-- @AfterClass teardown -->
  <testcase classname="com.Maven1.qa.Testcases.OrdersPageTesting" name="@BeforeClass setup" time="0.012">
    <failure type="java.lang.NullPointerException" message="Cannot invoke &amp;quot;org.openqa.selenium.WebDriver.get(String)&amp;quot; because &amp;quot;com.Maven1.qa.Base.TestBase.driver&amp;quot; is null">
      <![CDATA[java.lang.NullPointerException: Cannot invoke "org.openqa.selenium.WebDriver.get(String)" because "com.Maven1.qa.Base.TestBase.driver" is null
	at com.Maven1.qa.Base.TestBase.intializeBrowser(TestBase.java:30)
	at com.Maven1.qa.Testcases.OrdersPageTesting.setup(OrdersPageTesting.java:23)
... Removed 23 stack frames]]>
    </failure>
  </testcase> <!-- @BeforeClass setup -->
  <testcase classname="com.Maven1.qa.Testcases.LoginTest" name="ZerodhaLoginPageTest" time="0.0">
    <skipped/>
  </testcase> <!-- ZerodhaLoginPageTest -->
  <testcase classname="com.Maven1.qa.Testcases.HomepageTest" name="testhompage" time="0.0">
    <skipped/>
  </testcase> <!-- testhompage -->
  <testcase classname="com.Maven1.qa.Testcases.OrdersPageTesting" name="OrderpageTest" time="0.0">
    <skipped/>
  </testcase> <!-- OrderpageTest -->
</testsuite> <!-- Test -->
